2026-04-07 20:56:49 | INFO | P5 | === RUN START ===
2026-04-07 20:56:49 | INFO | P5 | project=CINTEL
2026-04-07 20:56:49 | INFO | P5 | repo_dir=cintel-05-drift-detection
2026-04-07 20:56:49 | INFO | P5 | python=3.14.2
2026-04-07 20:56:49 | INFO | P5 | os=Windows 11
2026-04-07 20:56:49 | INFO | P5 | shell=powershell
2026-04-07 20:56:49 | INFO | P5 | cwd=.
2026-04-07 20:56:49 | INFO | P5 | github_actions=False
2026-04-07 20:56:49 | INFO | P5 | ========================
2026-04-07 20:56:49 | INFO | P5 | START main()
2026-04-07 20:56:49 | INFO | P5 | ========================
2026-04-07 20:56:49 | INFO | P5 | ROOT_DIR = .
2026-04-07 20:56:49 | INFO | P5 | REFERENCE_FILE = data\reference_metrics_case.csv
2026-04-07 20:56:49 | INFO | P5 | CURRENT_FILE = data\current_metrics_case.csv
2026-04-07 20:56:49 | INFO | P5 | OUTPUT_FILE = artifacts\drift_summary_case.csv
2026-04-07 20:56:49 | INFO | P5 | ARTIFACTS_DIR = artifacts
2026-04-07 20:56:49 | INFO | P5 | Loaded 10 reference records
2026-04-07 20:56:49 | INFO | P5 | Loaded 10 current records
2026-04-07 20:56:49 | INFO | P5 | Calculated summary differences and drift flags
2026-04-07 20:56:49 | INFO | P5 | Wrote drift summary file: C:\Repos\cintel-05-drift-detection\artifacts\drift_summary_case.csv
2026-04-07 20:56:49 | INFO | P5 | Drift summary dataframe:
2026-04-07 20:56:49 | INFO | P5 | shape: (1, 12)
┌───────────────────┬───────────────────┬───────────────────┬───────────────────┬───┬───────────────────┬───────────────────┬───────────────────┬───────────────────┐
│ reference_avg_req ┆ reference_avg_err ┆ reference_avg_lat ┆ current_avg_reque ┆ … ┆ latency_mean_diff ┆ requests_is_drift ┆ errors_is_driftin ┆ latency_is_drifti │
│ uests             ┆ ors               ┆ ency_ms           ┆ sts               ┆   ┆ erence_ms         ┆ ing_flag          ┆ g_flag            ┆ ng_flag           │
│ ---               ┆ ---               ┆ ---               ┆ ---               ┆   ┆ ---               ┆ ---               ┆ ---               ┆ ---               │
│ f64               ┆ f64               ┆ f64               ┆ f64               ┆   ┆ f64               ┆ bool              ┆ bool              ┆ bool              │
╞═══════════════════╪═══════════════════╪═══════════════════╪═══════════════════╪═══╪═══════════════════╪═══════════════════╪═══════════════════╪═══════════════════╡
│ 128.3             ┆ 2.3               ┆ 3835.0            ┆ 164.5             ┆ … ┆ 1835.0            ┆ true              ┆ true              ┆ true              │
└───────────────────┴───────────────────┴───────────────────┴───────────────────┴───┴───────────────────┴───────────────────┴───────────────────┴───────────────────┘
2026-04-07 20:56:49 | INFO | P5 | Let's make that a bit nicer to read...
2026-04-07 20:56:49 | INFO | P5 | All remaining steps are about creating a nicer display.
2026-04-07 20:56:49 | INFO | P5 | ========================
2026-04-07 20:56:49 | INFO | P5 | Drift Detection Process: 
2026-04-07 20:56:49 | INFO | P5 | ========================
2026-04-07 20:56:49 | INFO | P5 | 1. Summarize each period with means.
2026-04-07 20:56:49 | INFO | P5 | 2. Compute difference of means.
2026-04-07 20:56:49 | INFO | P5 | 3. Flag drift if absolute difference of means exceeds a threshold.
2026-04-07 20:56:49 | INFO | P5 | ========================
2026-04-07 20:56:49 | INFO | P5 | Drift summary (one field per line):
2026-04-07 20:56:49 | INFO | P5 | reference_avg_requests: 128.3
2026-04-07 20:56:49 | INFO | P5 | reference_avg_errors: 2.3
2026-04-07 20:56:49 | INFO | P5 | reference_avg_latency_ms: 3835.0
2026-04-07 20:56:49 | INFO | P5 | current_avg_requests: 164.5
2026-04-07 20:56:49 | INFO | P5 | current_avg_errors: 6.3
2026-04-07 20:56:49 | INFO | P5 | current_avg_latency_ms: 5670.0
2026-04-07 20:56:49 | INFO | P5 | requests_mean_difference: 36.2
2026-04-07 20:56:49 | INFO | P5 | errors_mean_difference: 4.0
2026-04-07 20:56:49 | INFO | P5 | latency_mean_difference_ms: 1835.0
2026-04-07 20:56:49 | INFO | P5 | requests_is_drifting_flag: True
2026-04-07 20:56:49 | INFO | P5 | errors_is_drifting_flag: True
2026-04-07 20:56:49 | INFO | P5 | latency_is_drifting_flag: True
2026-04-07 20:56:49 | INFO | P5 | Wrote long summary file: C:\Repos\cintel-05-drift-detection\artifacts\drift_summary_long_case.csv
2026-04-07 20:56:49 | INFO | P5 | ========================
2026-04-07 20:56:49 | INFO | P5 | Pipeline executed successfully!
2026-04-07 20:56:49 | INFO | P5 | ========================
2026-04-07 20:56:49 | INFO | P5 | END main()
2026-04-10 15:12:49 | INFO | P5 | === RUN START ===
2026-04-10 15:12:49 | INFO | P5 | project=CINTEL
2026-04-10 15:12:49 | INFO | P5 | repo_dir=cintel-05-drift-detection
2026-04-10 15:12:49 | INFO | P5 | python=3.14.2
2026-04-10 15:12:49 | INFO | P5 | os=Windows 11
2026-04-10 15:12:49 | INFO | P5 | shell=powershell
2026-04-10 15:12:49 | INFO | P5 | cwd=.
2026-04-10 15:12:49 | INFO | P5 | github_actions=False
2026-04-10 15:12:49 | INFO | P5 | ========================
2026-04-10 15:12:49 | INFO | P5 | START main()
2026-04-10 15:12:49 | INFO | P5 | ========================
2026-04-10 15:12:49 | INFO | P5 | ROOT_DIR = .
2026-04-10 15:12:49 | INFO | P5 | REFERENCE_FILE = data\reference_metrics_jugurtha.csv
2026-04-10 15:12:49 | INFO | P5 | CURRENT_FILE = data\current_metrics_jugurtha.csv
2026-04-10 15:12:49 | INFO | P5 | OUTPUT_FILE = artifacts\drift_summary_jugurtha.csv
2026-04-10 15:12:49 | INFO | P5 | ARTIFACTS_DIR = artifacts
2026-04-10 15:12:49 | INFO | P5 | Loaded 10 reference records
2026-04-10 15:12:49 | INFO | P5 | Loaded 30 current records
2026-04-10 15:12:49 | INFO | P5 | Calculated summary differences and drift flags
2026-04-10 15:12:49 | INFO | P5 | Wrote drift summary file: C:\Repos\cintel-05-drift-detection\artifacts\drift_summary_jugurtha.csv
2026-04-10 15:12:49 | INFO | P5 | Drift summary dataframe:
2026-04-10 15:12:49 | INFO | P5 | shape: (1, 12)
┌───────────────────┬───────────────────┬───────────────────┬───────────────────┬───┬───────────────────┬───────────────────┬───────────────────┬───────────────────┐
│ reference_avg_req ┆ reference_avg_err ┆ reference_avg_lat ┆ current_avg_reque ┆ … ┆ latency_mean_diff ┆ requests_is_drift ┆ errors_is_driftin ┆ latency_is_drifti │
│ uests             ┆ ors               ┆ ency_ms           ┆ sts               ┆   ┆ erence_ms         ┆ ing_flag          ┆ g_flag            ┆ ng_flag           │
│ ---               ┆ ---               ┆ ---               ┆ ---               ┆   ┆ ---               ┆ ---               ┆ ---               ┆ ---               │
│ f64               ┆ f64               ┆ f64               ┆ f64               ┆   ┆ f64               ┆ bool              ┆ bool              ┆ bool              │
╞═══════════════════╪═══════════════════╪═══════════════════╪═══════════════════╪═══╪═══════════════════╪═══════════════════╪═══════════════════╪═══════════════════╡
│ 128.3             ┆ 2.3               ┆ 3835.0            ┆ 140.366667        ┆ … ┆ 611.67            ┆ false             ┆ false             ┆ false             │
└───────────────────┴───────────────────┴───────────────────┴───────────────────┴───┴───────────────────┴───────────────────┴───────────────────┴───────────────────┘
2026-04-10 15:12:49 | INFO | P5 | Let's make that a bit nicer to read...
2026-04-10 15:12:49 | INFO | P5 | All remaining steps are about creating a nicer display.
2026-04-10 15:12:49 | INFO | P5 | ========================
2026-04-10 15:12:49 | INFO | P5 | Drift Detection Process: 
2026-04-10 15:12:49 | INFO | P5 | ========================
2026-04-10 15:12:49 | INFO | P5 | 1. Summarize each period with means.
2026-04-10 15:12:49 | INFO | P5 | 2. Compute difference of means.
2026-04-10 15:12:49 | INFO | P5 | 3. Flag drift if absolute difference of means exceeds a threshold.
2026-04-10 15:12:49 | INFO | P5 | ========================
2026-04-10 15:12:49 | INFO | P5 | Drift summary (one field per line):
2026-04-10 15:12:49 | INFO | P5 | reference_avg_requests: 128.3
2026-04-10 15:12:49 | INFO | P5 | reference_avg_errors: 2.3
2026-04-10 15:12:49 | INFO | P5 | reference_avg_latency_ms: 3835.0
2026-04-10 15:12:49 | INFO | P5 | current_avg_requests: 140.36666666666667
2026-04-10 15:12:49 | INFO | P5 | current_avg_errors: 3.6333333333333333
2026-04-10 15:12:49 | INFO | P5 | current_avg_latency_ms: 4446.666666666667
2026-04-10 15:12:49 | INFO | P5 | requests_mean_difference: 12.07
2026-04-10 15:12:49 | INFO | P5 | errors_mean_difference: 1.33
2026-04-10 15:12:49 | INFO | P5 | latency_mean_difference_ms: 611.67
2026-04-10 15:12:49 | INFO | P5 | requests_is_drifting_flag: False
2026-04-10 15:12:49 | INFO | P5 | errors_is_drifting_flag: False
2026-04-10 15:12:49 | INFO | P5 | latency_is_drifting_flag: False
2026-04-10 15:12:49 | INFO | P5 | Wrote long summary file: C:\Repos\cintel-05-drift-detection\artifacts\drift_summary_long_jugurtha.csv
2026-04-10 15:12:49 | INFO | P5 | ========================
2026-04-10 15:12:49 | INFO | P5 | Pipeline executed successfully!
2026-04-10 15:12:49 | INFO | P5 | ========================
2026-04-10 15:12:49 | INFO | P5 | END main()
2026-04-10 15:13:32 | INFO | P5 | === RUN START ===
2026-04-10 15:13:32 | INFO | P5 | project=CINTEL
2026-04-10 15:13:32 | INFO | P5 | repo_dir=cintel-05-drift-detection
2026-04-10 15:13:32 | INFO | P5 | python=3.14.2
2026-04-10 15:13:32 | INFO | P5 | os=Windows 11
2026-04-10 15:13:32 | INFO | P5 | shell=powershell
2026-04-10 15:13:32 | INFO | P5 | cwd=.
2026-04-10 15:13:32 | INFO | P5 | github_actions=False
2026-04-10 15:13:32 | INFO | P5 | ========================
2026-04-10 15:13:32 | INFO | P5 | START main()
2026-04-10 15:13:32 | INFO | P5 | ========================
2026-04-10 15:13:32 | INFO | P5 | ROOT_DIR = .
2026-04-10 15:13:32 | INFO | P5 | REFERENCE_FILE = data\reference_metrics_jugurtha.csv
2026-04-10 15:13:32 | INFO | P5 | CURRENT_FILE = data\current_metrics_jugurtha.csv
2026-04-10 15:13:32 | INFO | P5 | OUTPUT_FILE = artifacts\drift_summary_jugurtha.csv
2026-04-10 15:13:32 | INFO | P5 | ARTIFACTS_DIR = artifacts
2026-04-10 15:13:32 | INFO | P5 | Loaded 10 reference records
2026-04-10 15:13:32 | INFO | P5 | Loaded 21 current records
2026-04-10 15:13:32 | INFO | P5 | Calculated summary differences and drift flags
2026-04-10 15:13:32 | INFO | P5 | Wrote drift summary file: C:\Repos\cintel-05-drift-detection\artifacts\drift_summary_jugurtha.csv
2026-04-10 15:13:32 | INFO | P5 | Drift summary dataframe:
2026-04-10 15:13:32 | INFO | P5 | shape: (1, 12)
┌───────────────────┬───────────────────┬───────────────────┬───────────────────┬───┬───────────────────┬───────────────────┬───────────────────┬───────────────────┐
│ reference_avg_req ┆ reference_avg_err ┆ reference_avg_lat ┆ current_avg_reque ┆ … ┆ latency_mean_diff ┆ requests_is_drift ┆ errors_is_driftin ┆ latency_is_drifti │
│ uests             ┆ ors               ┆ ency_ms           ┆ sts               ┆   ┆ erence_ms         ┆ ing_flag          ┆ g_flag            ┆ ng_flag           │
│ ---               ┆ ---               ┆ ---               ┆ ---               ┆   ┆ ---               ┆ ---               ┆ ---               ┆ ---               │
│ f64               ┆ f64               ┆ f64               ┆ f64               ┆   ┆ f64               ┆ bool              ┆ bool              ┆ bool              │
╞═══════════════════╪═══════════════════╪═══════════════════╪═══════════════════╪═══╪═══════════════════╪═══════════════════╪═══════════════════╪═══════════════════╡
│ 128.3             ┆ 2.3               ┆ 3835.0            ┆ 146.4             ┆ … ┆ 917.5             ┆ false             ┆ false             ┆ false             │
└───────────────────┴───────────────────┴───────────────────┴───────────────────┴───┴───────────────────┴───────────────────┴───────────────────┴───────────────────┘
2026-04-10 15:13:32 | INFO | P5 | Let's make that a bit nicer to read...
2026-04-10 15:13:32 | INFO | P5 | All remaining steps are about creating a nicer display.
2026-04-10 15:13:32 | INFO | P5 | ========================
2026-04-10 15:13:32 | INFO | P5 | Drift Detection Process: 
2026-04-10 15:13:32 | INFO | P5 | ========================
2026-04-10 15:13:32 | INFO | P5 | 1. Summarize each period with means.
2026-04-10 15:13:32 | INFO | P5 | 2. Compute difference of means.
2026-04-10 15:13:32 | INFO | P5 | 3. Flag drift if absolute difference of means exceeds a threshold.
2026-04-10 15:13:32 | INFO | P5 | ========================
2026-04-10 15:13:32 | INFO | P5 | Drift summary (one field per line):
2026-04-10 15:13:32 | INFO | P5 | reference_avg_requests: 128.3
2026-04-10 15:13:32 | INFO | P5 | reference_avg_errors: 2.3
2026-04-10 15:13:32 | INFO | P5 | reference_avg_latency_ms: 3835.0
2026-04-10 15:13:32 | INFO | P5 | current_avg_requests: 146.4
2026-04-10 15:13:32 | INFO | P5 | current_avg_errors: 4.3
2026-04-10 15:13:32 | INFO | P5 | current_avg_latency_ms: 4752.5
2026-04-10 15:13:32 | INFO | P5 | requests_mean_difference: 18.1
2026-04-10 15:13:32 | INFO | P5 | errors_mean_difference: 2.0
2026-04-10 15:13:32 | INFO | P5 | latency_mean_difference_ms: 917.5
2026-04-10 15:13:32 | INFO | P5 | requests_is_drifting_flag: False
2026-04-10 15:13:32 | INFO | P5 | errors_is_drifting_flag: False
2026-04-10 15:13:32 | INFO | P5 | latency_is_drifting_flag: False
2026-04-10 15:13:32 | INFO | P5 | Wrote long summary file: C:\Repos\cintel-05-drift-detection\artifacts\drift_summary_long_jugurtha.csv
2026-04-10 15:13:32 | INFO | P5 | ========================
2026-04-10 15:13:32 | INFO | P5 | Pipeline executed successfully!
2026-04-10 15:13:32 | INFO | P5 | ========================
2026-04-10 15:13:32 | INFO | P5 | END main()
2026-04-10 15:14:10 | INFO | P5 | === RUN START ===
2026-04-10 15:14:10 | INFO | P5 | project=CINTEL
2026-04-10 15:14:10 | INFO | P5 | repo_dir=cintel-05-drift-detection
2026-04-10 15:14:10 | INFO | P5 | python=3.14.2
2026-04-10 15:14:10 | INFO | P5 | os=Windows 11
2026-04-10 15:14:10 | INFO | P5 | shell=powershell
2026-04-10 15:14:10 | INFO | P5 | cwd=.
2026-04-10 15:14:10 | INFO | P5 | github_actions=False
2026-04-10 15:14:10 | INFO | P5 | ========================
2026-04-10 15:14:10 | INFO | P5 | START main()
2026-04-10 15:14:10 | INFO | P5 | ========================
2026-04-10 15:14:10 | INFO | P5 | ROOT_DIR = .
2026-04-10 15:14:10 | INFO | P5 | REFERENCE_FILE = data\reference_metrics_jugurtha.csv
2026-04-10 15:14:10 | INFO | P5 | CURRENT_FILE = data\current_metrics_jugurtha.csv
2026-04-10 15:14:10 | INFO | P5 | OUTPUT_FILE = artifacts\drift_summary_jugurtha.csv
2026-04-10 15:14:10 | INFO | P5 | ARTIFACTS_DIR = artifacts
2026-04-10 15:14:10 | INFO | P5 | Loaded 10 reference records
2026-04-10 15:14:10 | INFO | P5 | Loaded 21 current records
2026-04-10 15:14:10 | INFO | P5 | Calculated summary differences and drift flags
2026-04-10 15:14:10 | INFO | P5 | Wrote drift summary file: C:\Repos\cintel-05-drift-detection\artifacts\drift_summary_jugurtha.csv
2026-04-10 15:14:10 | INFO | P5 | Drift summary dataframe:
2026-04-10 15:14:10 | INFO | P5 | shape: (1, 12)
┌───────────────────┬───────────────────┬───────────────────┬───────────────────┬───┬───────────────────┬───────────────────┬───────────────────┬───────────────────┐
│ reference_avg_req ┆ reference_avg_err ┆ reference_avg_lat ┆ current_avg_reque ┆ … ┆ latency_mean_diff ┆ requests_is_drift ┆ errors_is_driftin ┆ latency_is_drifti │
│ uests             ┆ ors               ┆ ency_ms           ┆ sts               ┆   ┆ erence_ms         ┆ ing_flag          ┆ g_flag            ┆ ng_flag           │
│ ---               ┆ ---               ┆ ---               ┆ ---               ┆   ┆ ---               ┆ ---               ┆ ---               ┆ ---               │
│ f64               ┆ f64               ┆ f64               ┆ f64               ┆   ┆ f64               ┆ bool              ┆ bool              ┆ bool              │
╞═══════════════════╪═══════════════════╪═══════════════════╪═══════════════════╪═══╪═══════════════════╪═══════════════════╪═══════════════════╪═══════════════════╡
│ 128.3             ┆ 2.3               ┆ 3835.0            ┆ 147.473684        ┆ … ┆ 970.26            ┆ false             ┆ true              ┆ false             │
└───────────────────┴───────────────────┴───────────────────┴───────────────────┴───┴───────────────────┴───────────────────┴───────────────────┴───────────────────┘
2026-04-10 15:14:10 | INFO | P5 | Let's make that a bit nicer to read...
2026-04-10 15:14:10 | INFO | P5 | All remaining steps are about creating a nicer display.
2026-04-10 15:14:10 | INFO | P5 | ========================
2026-04-10 15:14:10 | INFO | P5 | Drift Detection Process: 
2026-04-10 15:14:10 | INFO | P5 | ========================
2026-04-10 15:14:10 | INFO | P5 | 1. Summarize each period with means.
2026-04-10 15:14:10 | INFO | P5 | 2. Compute difference of means.
2026-04-10 15:14:10 | INFO | P5 | 3. Flag drift if absolute difference of means exceeds a threshold.
2026-04-10 15:14:10 | INFO | P5 | ========================
2026-04-10 15:14:10 | INFO | P5 | Drift summary (one field per line):
2026-04-10 15:14:10 | INFO | P5 | reference_avg_requests: 128.3
2026-04-10 15:14:10 | INFO | P5 | reference_avg_errors: 2.3
2026-04-10 15:14:10 | INFO | P5 | reference_avg_latency_ms: 3835.0
2026-04-10 15:14:10 | INFO | P5 | current_avg_requests: 147.47368421052633
2026-04-10 15:14:10 | INFO | P5 | current_avg_errors: 4.421052631578948
2026-04-10 15:14:10 | INFO | P5 | current_avg_latency_ms: 4805.263157894737
2026-04-10 15:14:10 | INFO | P5 | requests_mean_difference: 19.17
2026-04-10 15:14:10 | INFO | P5 | errors_mean_difference: 2.12
2026-04-10 15:14:10 | INFO | P5 | latency_mean_difference_ms: 970.26
2026-04-10 15:14:10 | INFO | P5 | requests_is_drifting_flag: False
2026-04-10 15:14:10 | INFO | P5 | errors_is_drifting_flag: True
2026-04-10 15:14:10 | INFO | P5 | latency_is_drifting_flag: False
2026-04-10 15:14:10 | INFO | P5 | Wrote long summary file: C:\Repos\cintel-05-drift-detection\artifacts\drift_summary_long_jugurtha.csv
2026-04-10 15:14:10 | INFO | P5 | ========================
2026-04-10 15:14:10 | INFO | P5 | Pipeline executed successfully!
2026-04-10 15:14:10 | INFO | P5 | ========================
2026-04-10 15:14:10 | INFO | P5 | END main()
2026-04-10 15:14:19 | INFO | P5 | === RUN START ===
2026-04-10 15:14:19 | INFO | P5 | project=CINTEL
2026-04-10 15:14:19 | INFO | P5 | repo_dir=cintel-05-drift-detection
2026-04-10 15:14:19 | INFO | P5 | python=3.14.2
2026-04-10 15:14:19 | INFO | P5 | os=Windows 11
2026-04-10 15:14:19 | INFO | P5 | shell=powershell
2026-04-10 15:14:19 | INFO | P5 | cwd=.
2026-04-10 15:14:19 | INFO | P5 | github_actions=False
2026-04-10 15:14:19 | INFO | P5 | ========================
2026-04-10 15:14:19 | INFO | P5 | START main()
2026-04-10 15:14:19 | INFO | P5 | ========================
2026-04-10 15:14:19 | INFO | P5 | ROOT_DIR = .
2026-04-10 15:14:19 | INFO | P5 | REFERENCE_FILE = data\reference_metrics_jugurtha.csv
2026-04-10 15:14:19 | INFO | P5 | CURRENT_FILE = data\current_metrics_jugurtha.csv
2026-04-10 15:14:19 | INFO | P5 | OUTPUT_FILE = artifacts\drift_summary_jugurtha.csv
2026-04-10 15:14:19 | INFO | P5 | ARTIFACTS_DIR = artifacts
2026-04-10 15:14:19 | INFO | P5 | Loaded 10 reference records
2026-04-10 15:14:19 | INFO | P5 | Loaded 21 current records
2026-04-10 15:14:20 | INFO | P5 | Calculated summary differences and drift flags
2026-04-10 15:14:20 | INFO | P5 | Wrote drift summary file: C:\Repos\cintel-05-drift-detection\artifacts\drift_summary_jugurtha.csv
2026-04-10 15:14:20 | INFO | P5 | Drift summary dataframe:
2026-04-10 15:14:20 | INFO | P5 | shape: (1, 12)
┌───────────────────┬───────────────────┬───────────────────┬───────────────────┬───┬───────────────────┬───────────────────┬───────────────────┬───────────────────┐
│ reference_avg_req ┆ reference_avg_err ┆ reference_avg_lat ┆ current_avg_reque ┆ … ┆ latency_mean_diff ┆ requests_is_drift ┆ errors_is_driftin ┆ latency_is_drifti │
│ uests             ┆ ors               ┆ ency_ms           ┆ sts               ┆   ┆ erence_ms         ┆ ing_flag          ┆ g_flag            ┆ ng_flag           │
│ ---               ┆ ---               ┆ ---               ┆ ---               ┆   ┆ ---               ┆ ---               ┆ ---               ┆ ---               │
│ f64               ┆ f64               ┆ f64               ┆ f64               ┆   ┆ f64               ┆ bool              ┆ bool              ┆ bool              │
╞═══════════════════╪═══════════════════╪═══════════════════╪═══════════════════╪═══╪═══════════════════╪═══════════════════╪═══════════════════╪═══════════════════╡
│ 128.3             ┆ 2.3               ┆ 3835.0            ┆ 146.4             ┆ … ┆ 917.5             ┆ false             ┆ false             ┆ false             │
└───────────────────┴───────────────────┴───────────────────┴───────────────────┴───┴───────────────────┴───────────────────┴───────────────────┴───────────────────┘
2026-04-10 15:14:20 | INFO | P5 | Let's make that a bit nicer to read...
2026-04-10 15:14:20 | INFO | P5 | All remaining steps are about creating a nicer display.
2026-04-10 15:14:20 | INFO | P5 | ========================
2026-04-10 15:14:20 | INFO | P5 | Drift Detection Process: 
2026-04-10 15:14:20 | INFO | P5 | ========================
2026-04-10 15:14:20 | INFO | P5 | 1. Summarize each period with means.
2026-04-10 15:14:20 | INFO | P5 | 2. Compute difference of means.
2026-04-10 15:14:20 | INFO | P5 | 3. Flag drift if absolute difference of means exceeds a threshold.
2026-04-10 15:14:20 | INFO | P5 | ========================
2026-04-10 15:14:20 | INFO | P5 | Drift summary (one field per line):
2026-04-10 15:14:20 | INFO | P5 | reference_avg_requests: 128.3
2026-04-10 15:14:20 | INFO | P5 | reference_avg_errors: 2.3
2026-04-10 15:14:20 | INFO | P5 | reference_avg_latency_ms: 3835.0
2026-04-10 15:14:20 | INFO | P5 | current_avg_requests: 146.4
2026-04-10 15:14:20 | INFO | P5 | current_avg_errors: 4.3
2026-04-10 15:14:20 | INFO | P5 | current_avg_latency_ms: 4752.5
2026-04-10 15:14:20 | INFO | P5 | requests_mean_difference: 18.1
2026-04-10 15:14:20 | INFO | P5 | errors_mean_difference: 2.0
2026-04-10 15:14:20 | INFO | P5 | latency_mean_difference_ms: 917.5
2026-04-10 15:14:20 | INFO | P5 | requests_is_drifting_flag: False
2026-04-10 15:14:20 | INFO | P5 | errors_is_drifting_flag: False
2026-04-10 15:14:20 | INFO | P5 | latency_is_drifting_flag: False
2026-04-10 15:14:20 | INFO | P5 | Wrote long summary file: C:\Repos\cintel-05-drift-detection\artifacts\drift_summary_long_jugurtha.csv
2026-04-10 15:14:20 | INFO | P5 | ========================
2026-04-10 15:14:20 | INFO | P5 | Pipeline executed successfully!
2026-04-10 15:14:20 | INFO | P5 | ========================
2026-04-10 15:14:20 | INFO | P5 | END main()
